2024-06-26 14:47:00,856 - INFO - Using port: 8005
2024-06-26 14:47:00,856 - INFO - Using port: 2005
2024-06-26 14:47:00,856 - INFO - Using port: 4000
2024-06-26 14:47:00,856 - INFO - Using port: 1010
2024-06-26 14:47:00,856 - INFO - Using port: 2005
2024-06-26 14:47:00,856 - INFO - Using port: 9010
2024-06-26 14:47:16,126 - INFO - Currency selected: USD
2024-06-26 14:47:16,358 - INFO - Baton Rouge, LA, USA Total Number of Hotels: 12
2024-06-26 14:47:17,020 - INFO - Currency selected: USD
2024-06-26 14:47:17,114 - INFO - Chattanooga Lovell Airport, TN, United States Total Number of Hotels: 19
2024-06-26 14:47:18,417 - INFO - Currency selected: USD
2024-06-26 14:47:18,621 - INFO - Currency selected: USD
2024-06-26 14:47:18,653 - INFO - Chattanooga, TN, United States Total Number of Hotels: 18
2024-06-26 14:47:18,997 - INFO - Auburn, Alabama, United States Total Number of Hotels: 7
2024-06-26 14:47:19,060 - INFO - Currency selected: USD
2024-06-26 14:47:19,295 - INFO - Louisville, KY, United States Total Number of Hotels: 21
2024-06-26 14:47:19,594 - INFO - Baton Rouge, LA, USA First scroll: 12
2024-06-26 14:47:19,829 - INFO - Currency selected: USD
2024-06-26 14:47:19,954 - INFO - College Station, TX, United States Total Number of Hotels: 7
2024-06-26 14:47:20,143 - INFO - Chattanooga Lovell Airport, TN, United States First scroll: 17
2024-06-26 14:47:21,727 - INFO - Chattanooga, TN, United States First scroll: 16
2024-06-26 14:47:22,026 - INFO - Auburn, Alabama, United States First scroll: 5
2024-06-26 14:47:22,324 - INFO - Louisville, KY, United States First scroll: 20
2024-06-26 14:47:22,644 - INFO - Baton Rouge, LA, USA Total Number of Available Hotels: 12
2024-06-26 14:47:22,654 - INFO - Baton Rouge, LA, USA Hotel Number : 1
2024-06-26 14:47:22,983 - INFO - College Station, TX, United States First scroll: 7
2024-06-26 14:47:23,164 - INFO - Chattanooga Lovell Airport, TN, United States Total Number of Available Hotels: 17
2024-06-26 14:47:23,176 - INFO - Chattanooga Lovell Airport, TN, United States Hotel Number : 1
2024-06-26 14:47:24,743 - INFO - Chattanooga, TN, United States Total Number of Available Hotels: 16
2024-06-26 14:47:24,761 - INFO - Chattanooga, TN, United States Hotel Number : 1
2024-06-26 14:47:25,042 - INFO - Auburn, Alabama, United States Total Number of Available Hotels: 5
2024-06-26 14:47:25,049 - INFO - Auburn, Alabama, United States Hotel Number : 1
2024-06-26 14:47:25,374 - INFO - Louisville, KY, United States Total Number of Available Hotels: 21
2024-06-26 14:47:25,379 - INFO - Louisville, KY, United States Hotel Number : 1
2024-06-26 14:47:26,008 - INFO - College Station, TX, United States Total Number of Available Hotels: 7
2024-06-26 14:47:26,024 - INFO - College Station, TX, United States Hotel Number : 1
2024-06-26 14:47:28,400 - INFO - Baton Rouge, LA, USA Extracting data for hotel: Candlewood Suites: Baton Rouge - College Drive
2024-06-26 14:47:28,698 - INFO - Chattanooga Lovell Airport, TN, United States Extracting data for hotel: Staybridge Suites: Chattanooga-Hamilton Place
2024-06-26 14:47:30,569 - INFO - Auburn, Alabama, United States Extracting data for hotel: Candlewood Suites: Auburn
2024-06-26 14:47:31,120 - INFO - Chattanooga, TN, United States Extracting data for hotel: Hotel Indigo: Chattanooga - Downtown
2024-06-26 14:47:31,458 - INFO - Baton Rouge, LA, USA Hotel Number : 2
2024-06-26 14:47:31,607 - INFO - Louisville, KY, United States Extracting data for hotel: Holiday Inn Express & Suites: Louisville Downtown
2024-06-26 14:47:31,762 - INFO - Chattanooga Lovell Airport, TN, United States Hotel Number : 2
2024-06-26 14:47:32,106 - INFO - College Station, TX, United States Extracting data for hotel: Aggieland Boutique Hotel
2024-06-26 14:47:33,623 - INFO - Auburn, Alabama, United States Hotel Number : 2
2024-06-26 14:47:34,179 - INFO - Chattanooga, TN, United States Hotel Number : 2
2024-06-26 14:47:34,699 - INFO - Louisville, KY, United States Hotel Number : 2
2024-06-26 14:47:35,178 - INFO - College Station, TX, United States Hotel Number : 2
2024-06-26 14:47:36,406 - INFO - Baton Rouge, LA, USA Extracting data for hotel: Hotel Indigo: Baton Rouge Downtown
2024-06-26 14:47:36,936 - INFO - Chattanooga Lovell Airport, TN, United States Extracting data for hotel: Candlewood Suites: Chattanooga - East Ridge
2024-06-26 14:47:38,283 - INFO - Auburn, Alabama, United States Extracting data for hotel: Holiday Inn Express & Suites: Auburn - University Area
2024-06-26 14:47:39,488 - INFO - Baton Rouge, LA, USA Hotel Number : 3
2024-06-26 14:47:39,798 - INFO - Chattanooga, TN, United States Extracting data for hotel: Staybridge Suites: Chattanooga Dwtn - Conv Ctnr
2024-06-26 14:47:40,014 - INFO - Chattanooga Lovell Airport, TN, United States Hotel Number : 3
2024-06-26 14:47:40,645 - INFO - College Station, TX, United States Extracting data for hotel: Holiday Inn Express & Suites: College Station
2024-06-26 14:47:41,337 - INFO - Auburn, Alabama, United States Hotel Number : 3
2024-06-26 14:47:41,671 - INFO - Louisville, KY, United States Extracting data for hotel: Holiday Inn: Louisville Downtown
2024-06-26 14:47:42,869 - INFO - Chattanooga, TN, United States Hotel Number : 3
2024-06-26 14:47:43,745 - INFO - College Station, TX, United States Hotel Number : 3
2024-06-26 14:47:44,756 - INFO - Louisville, KY, United States Hotel Number : 3
2024-06-26 14:47:45,839 - INFO - Baton Rouge, LA, USA Extracting data for hotel: Crowne Plaza: Executive Center Baton Rouge
2024-06-26 14:47:46,308 - INFO - Chattanooga Lovell Airport, TN, United States Extracting data for hotel: Holiday Inn Express & Suites: Chattanooga (East Ridge)
2024-06-26 14:47:46,691 - INFO - Auburn, Alabama, United States Extracting data for hotel: avid hotels: Auburn - University Area
2024-06-26 14:47:48,086 - INFO - Chattanooga, TN, United States Extracting data for hotel: Holiday Inn & Suites: Chattanooga Downtown
2024-06-26 14:47:48,964 - INFO - Baton Rouge, LA, USA Hotel Number : 4
2024-06-26 14:47:49,171 - INFO - College Station, TX, United States Extracting data for hotel: Staybridge Suites: College Station
2024-06-26 14:47:49,416 - INFO - Chattanooga Lovell Airport, TN, United States Hotel Number : 4
2024-06-26 14:47:49,792 - INFO - Auburn, Alabama, United States Hotel Number : 4
2024-06-26 14:47:51,033 - INFO - Louisville, KY, United States Extracting data for hotel: Candlewood Suites: Louisville - NE Downtown Area
2024-06-26 14:47:51,180 - INFO - Chattanooga, TN, United States Hotel Number : 4
2024-06-26 14:47:52,245 - INFO - College Station, TX, United States Hotel Number : 4
2024-06-26 14:47:54,119 - INFO - Louisville, KY, United States Hotel Number : 4
2024-06-26 14:47:54,892 - INFO - Baton Rouge, LA, USA Extracting data for hotel: Holiday Inn: Baton Rouge College Drive I-10
2024-06-26 14:47:56,224 - INFO - Chattanooga Lovell Airport, TN, United States Extracting data for hotel: Holiday Inn & Suites: Chattanooga Downtown
2024-06-26 14:47:57,024 - INFO - Auburn, Alabama, United States Extracting data for hotel: Holiday Inn Express & Suites: Opelika Auburn
2024-06-26 14:47:57,641 - INFO - Chattanooga, TN, United States Extracting data for hotel: Holiday Inn Express & Suites: Chattanooga Downtown
2024-06-26 14:47:58,030 - INFO - Baton Rouge, LA, USA Hotel Number : 5
2024-06-26 14:47:59,348 - INFO - Chattanooga Lovell Airport, TN, United States Hotel Number : 5
2024-06-26 14:47:59,974 - INFO - College Station, TX, United States Extracting data for hotel: Holiday Inn Express & Suites: Bryan - College Station
2024-06-26 14:48:00,172 - INFO - Auburn, Alabama, United States Hotel Number : 5
2024-06-26 14:48:00,507 - INFO - Louisville, KY, United States Extracting data for hotel: Holiday Inn: Louisville Airport - Fair/Expo
2024-06-26 14:48:00,749 - INFO - Chattanooga, TN, United States Hotel Number : 5
2024-06-26 14:48:03,080 - INFO - College Station, TX, United States Hotel Number : 5
2024-06-26 14:48:03,663 - INFO - Louisville, KY, United States Hotel Number : 5
2024-06-26 14:48:05,557 - INFO - Baton Rouge, LA, USA Extracting data for hotel: Holiday Inn: Baton Rouge-South
2024-06-26 14:48:07,324 - INFO - Chattanooga Lovell Airport, TN, United States Extracting data for hotel: Hotel Indigo: Chattanooga - Downtown
2024-06-26 14:48:08,188 - INFO - Auburn, Alabama, United States Extracting data for hotel: Holiday Inn Express & Suites: Phenix City - Ft. Moore
2024-06-26 14:48:08,719 - INFO - Baton Rouge, LA, USA Hotel Number : 6
2024-06-26 14:48:09,572 - INFO - Chattanooga, TN, United States Extracting data for hotel: Holiday Inn Express & Suites: Chattanooga-Lookout Mtn
2024-06-26 14:48:10,476 - INFO - Chattanooga Lovell Airport, TN, United States Hotel Number : 6
2024-06-26 14:48:10,955 - INFO - College Station, TX, United States Extracting data for hotel: Candlewood Suites: College Station at University
2024-06-26 14:48:11,336 - INFO - Saved 5 hotels out of 5. Auburn, Alabama, United States
2024-06-26 14:48:11,338 - INFO - Auburn, Alabama, United States Data saved to data\Auburn_Alabama_United_States_05_28_2024_To_05_29_2024.csv
2024-06-26 14:48:12,105 - INFO - Louisville, KY, United States Extracting data for hotel: Staybridge Suites: Louisville - Expo Center
2024-06-26 14:48:12,740 - INFO - Chattanooga, TN, United States Hotel Number : 6
2024-06-26 14:48:14,120 - INFO - College Station, TX, United States Hotel Number : 6
2024-06-26 14:48:15,305 - INFO - Louisville, KY, United States Hotel Number : 6
2024-06-26 14:48:16,194 - INFO - Quit WebDriver
2024-06-26 14:48:18,458 - INFO - Baton Rouge, LA, USA Extracting data for hotel: Holiday Inn Express & Suites: Baton Rouge -Port Allen
2024-06-26 14:48:21,575 - INFO - Chattanooga Lovell Airport, TN, United States Extracting data for hotel: Staybridge Suites: Chattanooga Dwtn - Conv Ctnr
2024-06-26 14:48:21,631 - INFO - Baton Rouge, LA, USA Hotel Number : 7
2024-06-26 14:48:23,025 - INFO - Chattanooga, TN, United States Extracting data for hotel: Holiday Inn Express & Suites: Chattanooga-Hixson
2024-06-26 14:48:23,852 - INFO - College Station, TX, United States Extracting data for hotel: Holiday Inn & Suites: College Station-Aggieland
2024-06-26 14:48:24,783 - INFO - Chattanooga Lovell Airport, TN, United States Hotel Number : 7
2024-06-26 14:48:25,369 - INFO - Louisville, KY, United States Extracting data for hotel: Holiday Inn Express: New Albany - Louisville NW
2024-06-26 14:48:26,287 - INFO - Chattanooga, TN, United States Hotel Number : 7
2024-06-26 14:48:27,081 - INFO - College Station, TX, United States Hotel Number : 7
2024-06-26 14:48:28,531 - INFO - Louisville, KY, United States Hotel Number : 7
2024-06-26 14:48:32,720 - INFO - Baton Rouge, LA, USA Extracting data for hotel: Holiday Inn Express & Suites: Baton Rouge East
2024-06-26 14:48:35,923 - INFO - Baton Rouge, LA, USA Hotel Number : 8
2024-06-26 14:48:36,327 - INFO - Chattanooga Lovell Airport, TN, United States Extracting data for hotel: Holiday Inn Express & Suites: Chattanooga-Hixson
2024-06-26 14:48:38,486 - INFO - College Station, TX, United States Extracting data for hotel: Holiday Inn Express & Suites: Hearne
2024-06-26 14:48:38,553 - INFO - Chattanooga, TN, United States Extracting data for hotel: Holiday Inn Express & Suites: Chattanooga (East Ridge)
2024-06-26 14:48:39,571 - INFO - Chattanooga Lovell Airport, TN, United States Hotel Number : 8
2024-06-26 14:48:41,725 - INFO - Saved 7 hotels out of 7. College Station, TX, United States
2024-06-26 14:48:41,725 - INFO - College Station, TX, United States Data saved to data\College_Station_TX_United_States_05_28_2024_To_05_29_2024.csv
2024-06-26 14:48:41,780 - INFO - Chattanooga, TN, United States Hotel Number : 8
2024-06-26 14:48:42,802 - INFO - Louisville, KY, United States Extracting data for hotel: Crowne Plaza: Louisville Airport Expo Ctr
2024-06-26 14:48:46,030 - INFO - Louisville, KY, United States Hotel Number : 8
2024-06-26 14:48:46,720 - INFO - Quit WebDriver
2024-06-26 14:48:48,371 - INFO - Baton Rouge, LA, USA Extracting data for hotel: Holiday Inn Express & Suites: Baton Rouge North
2024-06-26 14:48:51,673 - INFO - Baton Rouge, LA, USA Hotel Number : 9
2024-06-26 14:48:54,118 - INFO - Chattanooga Lovell Airport, TN, United States Extracting data for hotel: Holiday Inn Express & Suites: Chattanooga Downtown
2024-06-26 14:48:55,330 - INFO - Chattanooga, TN, United States Extracting data for hotel: Candlewood Suites: Chattanooga - East Ridge
2024-06-26 14:48:58,462 - INFO - Chattanooga Lovell Airport, TN, United States Hotel Number : 9
2024-06-26 14:48:58,661 - INFO - Chattanooga, TN, United States Hotel Number : 9
2024-06-26 14:48:59,451 - INFO - Louisville, KY, United States Extracting data for hotel: Candlewood Suites: Louisville North
2024-06-26 14:49:02,695 - INFO - Louisville, KY, United States Hotel Number : 9
2024-06-26 14:49:06,801 - INFO - Baton Rouge, LA, USA Extracting data for hotel: Holiday Inn Express & Suites: Gonzales
2024-06-26 14:49:10,192 - INFO - Baton Rouge, LA, USA Hotel Number : 10
2024-06-26 14:49:14,583 - INFO - Chattanooga, TN, United States Extracting data for hotel: Staybridge Suites: Chattanooga-Hamilton Place
2024-06-26 14:49:15,067 - INFO - Chattanooga Lovell Airport, TN, United States Extracting data for hotel: Holiday Inn Express & Suites: Ooltewah Springs-Chattanooga
2024-06-26 14:49:17,816 - INFO - Louisville, KY, United States Extracting data for hotel: Candlewood Suites: Louisville Airport
2024-06-26 14:49:18,047 - INFO - Chattanooga, TN, United States Hotel Number : 10
2024-06-26 14:49:18,555 - INFO - Chattanooga Lovell Airport, TN, United States Hotel Number : 10
2024-06-26 14:49:21,114 - INFO - Louisville, KY, United States Hotel Number : 10
2024-06-26 14:49:29,999 - INFO - Baton Rouge, LA, USA Extracting data for hotel: Holiday Inn: Gonzales
2024-06-26 14:49:33,454 - INFO - Baton Rouge, LA, USA Hotel Number : 11
2024-06-26 15:15:23,421 - INFO - Louisville, KY, United States Extracting data for hotel: Holiday Inn Express & Suites: Louisville N - Jeffersonville
2024-06-26 15:15:26,867 - INFO - Louisville, KY, United States Hotel Number : 11
2024-06-26 15:18:22,467 - INFO - Chattanooga Lovell Airport, TN, United States Extracting data for hotel: avid hotels: Chattanooga South - Ringgold
2024-06-26 15:18:25,743 - INFO - Chattanooga Lovell Airport, TN, United States Hotel Number : 11
